[debug] [2024-11-29T20:58:34.096Z] ----------------------------------------------------------------------
[debug] [2024-11-29T20:58:34.103Z] Command:       C:\Program Files\nodejs\node.exe C:\Program Files\nodejs\node_modules\firebase-tools\lib\bin\firebase.js init
[debug] [2024-11-29T20:58:34.105Z] CLI Version:   13.15.0
[debug] [2024-11-29T20:58:34.105Z] Platform:      win32
[debug] [2024-11-29T20:58:34.106Z] Node Version:  v20.12.2
[debug] [2024-11-29T20:58:34.106Z] Time:          Fri Nov 29 2024 21:58:34 GMT+0100 (heure normale d’Afrique de l’Ouest)
[debug] [2024-11-29T20:58:34.107Z] ----------------------------------------------------------------------
[debug] 
[debug] [2024-11-29T20:58:34.116Z] >>> [apiv2][query] GET https://firebase-public.firebaseio.com/cli.json [none]
[debug] [2024-11-29T20:58:34.270Z] > command requires scopes: ["email","openid","https://www.googleapis.com/auth/cloudplatformprojects.readonly","https://www.googleapis.com/auth/firebase","https://www.googleapis.com/auth/cloud-platform"]
[debug] [2024-11-29T20:58:34.271Z] > authorizing via signed-in user (abous0396@gmail.com)
[info] 
     ######## #### ########  ######## ########     ###     ######  ########
     ##        ##  ##     ## ##       ##     ##  ##   ##  ##       ##
     ######    ##  ########  ######   ########  #########  ######  ######
     ##        ##  ##    ##  ##       ##     ## ##     ##       ## ##
     ##       #### ##     ## ######## ########  ##     ##  ######  ########

You're about to initialize a Firebase project in this directory:

  C:\Formations\Projets\zovu\front-end

Before we get started, keep in mind:

  * You are currently outside your home directory

[debug] [2024-11-29T20:58:35.212Z] <<< [apiv2][status] GET https://firebase-public.firebaseio.com/cli.json 200
[debug] [2024-11-29T20:58:35.213Z] <<< [apiv2][body] GET https://firebase-public.firebaseio.com/cli.json {"cloudBuildErrorAfter":1594252800000,"cloudBuildWarnAfter":1590019200000,"defaultNode10After":1594252800000,"minVersion":"3.0.5","node8DeploysDisabledAfter":1613390400000,"node8RuntimeDisabledAfter":1615809600000,"node8WarnAfter":1600128000000}
